<?xml version="1.0" encoding="UTF-8" ?>
<testsuite tests="8" failures="0" name="com.venue.rest.dao.MenuDAOTest" time="0.56" errors="0" skipped="0">
  <properties>
[...]
</properties>
  <testcase classname="com.venue.rest.dao.MenuDAOTest" name="checkPlaceSegmentsWhenUserNotInPlace" time="0.132"/>
  <testcase classname="com.venue.rest.dao.MenuDAOTest" name="checkAppBoyAudienceSegments" time="0.346"/>
  <testcase classname="com.venue.rest.dao.MenuDAOTest" name="checkNormalAudienceSegments" time="0.024"/>
  <testcase classname="com.venue.rest.dao.MenuDAOTest" name="checkPlaceAndAudienceSegmentsWhenUserNotInPlaceAndNoPlacesSubmitted" time="0.009"/>
  <testcase classname="com.venue.rest.dao.MenuDAOTest" name="checkPlaceAndAudienceSegmentsWhenUserInplace" time="0.025"/>
  <testcase classname="com.venue.rest.dao.MenuDAOTest" name="checkPlaceSegmentsWhenUserInplace" time="0.006"/>
  <testcase classname="com.venue.rest.dao.MenuDAOTest" name="checkPlaceAndAudienceSegmentsWhenUserNotInPlace" time="0.006"/>
  <testcase classname="com.venue.rest.dao.MenuDAOTest" name="checkPlaceAndAudienceSegmentsWhenUserNotInPlaceAndSubmittedOnePlaceThatMatched" time="0.012"/>
</testsuite>